{"D:\\Programar\\pontential-crud\\back-end\\src\\api\\app.js": {"path":"D:\\Programar\\pontential-crud\\back-end\\src\\api\\app.js","all":false,"statementMap":{"0":{"start":{"line":1,"column":0},"end":{"line":1,"column":33}},"1":{"start":{"line":2,"column":0},"end":{"line":2,"column":40}},"2":{"start":{"line":3,"column":0},"end":{"line":3,"column":27}},"3":{"start":{"line":4,"column":0},"end":{"line":4,"column":15}},"4":{"start":{"line":5,"column":0},"end":{"line":5,"column":0}},"5":{"start":{"line":6,"column":0},"end":{"line":6,"column":30}},"6":{"start":{"line":7,"column":0},"end":{"line":7,"column":24}},"7":{"start":{"line":8,"column":0},"end":{"line":8,"column":67}},"8":{"start":{"line":9,"column":0},"end":{"line":9,"column":0}},"9":{"start":{"line":10,"column":0},"end":{"line":10,"column":30}},"10":{"start":{"line":11,"column":0},"end":{"line":11,"column":26}},"11":{"start":{"line":12,"column":0},"end":{"line":12,"column":4}},"12":{"start":{"line":13,"column":0},"end":{"line":13,"column":20}},"13":{"start":{"line":14,"column":0},"end":{"line":14,"column":28}},"14":{"start":{"line":15,"column":0},"end":{"line":15,"column":0}},"15":{"start":{"line":16,"column":0},"end":{"line":16,"column":42}},"16":{"start":{"line":17,"column":0},"end":{"line":17,"column":15}},"17":{"start":{"line":18,"column":0},"end":{"line":18,"column":1}}},"s":{"0":1,"1":1,"2":1,"3":1,"4":1,"5":1,"6":1,"7":1,"8":1,"9":1,"10":1,"11":1,"12":1,"13":1,"14":1,"15":1,"16":1,"17":1},"branchMap":{"0":{"type":"branch","line":10,"loc":{"start":{"line":10,"column":15},"end":{"line":18,"column":1}},"locations":[{"start":{"line":10,"column":15},"end":{"line":18,"column":1}}]}},"b":{"0":[1]},"fnMap":{"0":{"name":"_default","decl":{"start":{"line":10,"column":15},"end":{"line":18,"column":1}},"loc":{"start":{"line":10,"column":15},"end":{"line":18,"column":1}},"line":10}},"f":{"0":1}}
,"D:\\Programar\\pontential-crud\\back-end\\src\\api\\connection.js": {"path":"D:\\Programar\\pontential-crud\\back-end\\src\\api\\connection.js","all":false,"statementMap":{"0":{"start":{"line":1,"column":0},"end":{"line":1,"column":27}},"1":{"start":{"line":2,"column":0},"end":{"line":2,"column":0}},"2":{"start":{"line":3,"column":0},"end":{"line":3,"column":37}},"3":{"start":{"line":4,"column":0},"end":{"line":4,"column":25}},"4":{"start":{"line":5,"column":0},"end":{"line":5,"column":25}},"5":{"start":{"line":6,"column":0},"end":{"line":6,"column":33}},"6":{"start":{"line":7,"column":0},"end":{"line":7,"column":32}},"7":{"start":{"line":8,"column":0},"end":{"line":8,"column":3}},"8":{"start":{"line":9,"column":0},"end":{"line":9,"column":0}},"9":{"start":{"line":10,"column":0},"end":{"line":10,"column":26}}},"s":{"0":1,"1":1,"2":1,"3":1,"4":1,"5":1,"6":1,"7":1,"8":1,"9":1},"branchMap":{},"b":{},"fnMap":{},"f":{}}
,"D:\\Programar\\pontential-crud\\back-end\\src\\controllers\\DesenvolvedorController.js": {"path":"D:\\Programar\\pontential-crud\\back-end\\src\\controllers\\DesenvolvedorController.js","all":false,"statementMap":{"0":{"start":{"line":1,"column":0},"end":{"line":1,"column":30}},"1":{"start":{"line":2,"column":0},"end":{"line":2,"column":37}},"2":{"start":{"line":3,"column":0},"end":{"line":3,"column":0}},"3":{"start":{"line":4,"column":0},"end":{"line":4,"column":65}},"4":{"start":{"line":5,"column":0},"end":{"line":5,"column":12}},"5":{"start":{"line":6,"column":0},"end":{"line":6,"column":36}},"6":{"start":{"line":7,"column":0},"end":{"line":7,"column":55}},"7":{"start":{"line":8,"column":0},"end":{"line":8,"column":45}},"8":{"start":{"line":9,"column":0},"end":{"line":9,"column":18}},"9":{"start":{"line":10,"column":0},"end":{"line":10,"column":68}},"10":{"start":{"line":11,"column":0},"end":{"line":11,"column":9}},"11":{"start":{"line":12,"column":0},"end":{"line":12,"column":8}},"12":{"start":{"line":13,"column":0},"end":{"line":13,"column":6}},"13":{"start":{"line":14,"column":0},"end":{"line":14,"column":0}},"14":{"start":{"line":15,"column":0},"end":{"line":15,"column":65}},"15":{"start":{"line":16,"column":0},"end":{"line":16,"column":12}},"16":{"start":{"line":17,"column":0},"end":{"line":17,"column":32}},"17":{"start":{"line":18,"column":0},"end":{"line":18,"column":90}},"18":{"start":{"line":19,"column":0},"end":{"line":19,"column":39}},"19":{"start":{"line":20,"column":0},"end":{"line":20,"column":78}},"20":{"start":{"line":21,"column":0},"end":{"line":21,"column":18}},"21":{"start":{"line":22,"column":0},"end":{"line":22,"column":66}},"22":{"start":{"line":23,"column":0},"end":{"line":23,"column":13}},"23":{"start":{"line":24,"column":0},"end":{"line":24,"column":18}},"24":{"start":{"line":25,"column":0},"end":{"line":25,"column":68}},"25":{"start":{"line":26,"column":0},"end":{"line":26,"column":11}},"26":{"start":{"line":27,"column":0},"end":{"line":27,"column":5}},"27":{"start":{"line":28,"column":0},"end":{"line":28,"column":0}},"28":{"start":{"line":29,"column":0},"end":{"line":29,"column":35}},"29":{"start":{"line":30,"column":0},"end":{"line":30,"column":1}}},"s":{"0":1,"1":1,"2":1,"3":1,"4":1,"5":1,"6":1,"7":1,"8":1,"9":0,"10":0,"11":1,"12":1,"13":1,"14":1,"15":1,"16":1,"17":1,"18":1,"19":1,"20":1,"21":0,"22":0,"23":1,"24":0,"25":0,"26":1,"27":1,"28":1,"29":1},"branchMap":{"0":{"type":"branch","line":1,"loc":{"start":{"line":1,"column":15},"end":{"line":30,"column":1}},"locations":[{"start":{"line":1,"column":15},"end":{"line":30,"column":1}}]},"1":{"type":"branch","line":4,"loc":{"start":{"line":4,"column":4},"end":{"line":4,"column":27}},"locations":[{"start":{"line":4,"column":4},"end":{"line":4,"column":27}}]},"2":{"type":"branch","line":4,"loc":{"start":{"line":4,"column":44},"end":{"line":4,"column":51}},"locations":[{"start":{"line":4,"column":44},"end":{"line":4,"column":51}}]},"3":{"type":"branch","line":4,"loc":{"start":{"line":4,"column":44},"end":{"line":4,"column":51}},"locations":[{"start":{"line":4,"column":44},"end":{"line":4,"column":51}}]},"4":{"type":"branch","line":9,"loc":{"start":{"line":9,"column":9},"end":{"line":11,"column":9}},"locations":[{"start":{"line":9,"column":9},"end":{"line":11,"column":9}}]},"5":{"type":"branch","line":4,"loc":{"start":{"line":4,"column":4},"end":{"line":4,"column":27}},"locations":[{"start":{"line":4,"column":4},"end":{"line":4,"column":27}}]},"6":{"type":"branch","line":15,"loc":{"start":{"line":15,"column":4},"end":{"line":15,"column":27}},"locations":[{"start":{"line":15,"column":4},"end":{"line":15,"column":27}}]},"7":{"type":"branch","line":15,"loc":{"start":{"line":15,"column":44},"end":{"line":15,"column":51}},"locations":[{"start":{"line":15,"column":44},"end":{"line":15,"column":51}}]},"8":{"type":"branch","line":15,"loc":{"start":{"line":15,"column":44},"end":{"line":15,"column":51}},"locations":[{"start":{"line":15,"column":44},"end":{"line":15,"column":51}}]},"9":{"type":"branch","line":21,"loc":{"start":{"line":21,"column":13},"end":{"line":23,"column":13}},"locations":[{"start":{"line":21,"column":13},"end":{"line":23,"column":13}}]},"10":{"type":"branch","line":24,"loc":{"start":{"line":24,"column":9},"end":{"line":26,"column":11}},"locations":[{"start":{"line":24,"column":9},"end":{"line":26,"column":11}}]},"11":{"type":"branch","line":15,"loc":{"start":{"line":15,"column":4},"end":{"line":15,"column":27}},"locations":[{"start":{"line":15,"column":4},"end":{"line":15,"column":27}}]}},"b":{"0":[1],"1":[1],"2":[1],"3":[1],"4":[0],"5":[1],"6":[1],"7":[1],"8":[1],"9":[0],"10":[0],"11":[1]},"fnMap":{"0":{"name":"_default","decl":{"start":{"line":1,"column":15},"end":{"line":30,"column":1}},"loc":{"start":{"line":1,"column":15},"end":{"line":30,"column":1}},"line":1},"1":{"name":"_callee","decl":{"start":{"line":4,"column":44},"end":{"line":4,"column":51}},"loc":{"start":{"line":4,"column":44},"end":{"line":4,"column":51}},"line":4},"2":{"name":"_callee$","decl":{"start":{"line":4,"column":44},"end":{"line":4,"column":51}},"loc":{"start":{"line":4,"column":44},"end":{"line":4,"column":51}},"line":4},"3":{"name":"_callee2","decl":{"start":{"line":15,"column":44},"end":{"line":15,"column":51}},"loc":{"start":{"line":15,"column":44},"end":{"line":15,"column":51}},"line":15},"4":{"name":"_callee2$","decl":{"start":{"line":15,"column":44},"end":{"line":15,"column":51}},"loc":{"start":{"line":15,"column":44},"end":{"line":15,"column":51}},"line":15}},"f":{"0":1,"1":1,"2":1,"3":1,"4":1}}
,"D:\\Programar\\pontential-crud\\back-end\\src\\models\\DesenvolvedorModel.js": {"path":"D:\\Programar\\pontential-crud\\back-end\\src\\models\\DesenvolvedorModel.js","all":false,"statementMap":{"0":{"start":{"line":1,"column":0},"end":{"line":1,"column":45}},"1":{"start":{"line":2,"column":0},"end":{"line":2,"column":0}},"2":{"start":{"line":3,"column":0},"end":{"line":3,"column":28}},"3":{"start":{"line":4,"column":0},"end":{"line":4,"column":0}},"4":{"start":{"line":5,"column":0},"end":{"line":5,"column":55}},"5":{"start":{"line":6,"column":0},"end":{"line":6,"column":44}},"6":{"start":{"line":7,"column":0},"end":{"line":7,"column":23}},"7":{"start":{"line":8,"column":0},"end":{"line":8,"column":23}},"8":{"start":{"line":9,"column":0},"end":{"line":9,"column":24}},"9":{"start":{"line":10,"column":0},"end":{"line":10,"column":31}},"10":{"start":{"line":11,"column":0},"end":{"line":11,"column":19}},"11":{"start":{"line":12,"column":0},"end":{"line":12,"column":25}},"12":{"start":{"line":13,"column":0},"end":{"line":13,"column":12}},"13":{"start":{"line":14,"column":0},"end":{"line":14,"column":25}},"14":{"start":{"line":15,"column":0},"end":{"line":15,"column":7}},"15":{"start":{"line":16,"column":0},"end":{"line":16,"column":57}},"16":{"start":{"line":17,"column":0},"end":{"line":17,"column":5}},"17":{"start":{"line":18,"column":0},"end":{"line":18,"column":3}},"18":{"start":{"line":19,"column":0},"end":{"line":19,"column":57}},"19":{"start":{"line":20,"column":0},"end":{"line":20,"column":25}},"20":{"start":{"line":21,"column":0},"end":{"line":21,"column":17}},"21":{"start":{"line":22,"column":0},"end":{"line":22,"column":1}},"22":{"start":{"line":23,"column":0},"end":{"line":23,"column":0}},"23":{"start":{"line":24,"column":0},"end":{"line":24,"column":52}},"24":{"start":{"line":25,"column":0},"end":{"line":25,"column":6}},"25":{"start":{"line":26,"column":0},"end":{"line":26,"column":79}},"26":{"start":{"line":27,"column":0},"end":{"line":27,"column":63}},"27":{"start":{"line":28,"column":0},"end":{"line":28,"column":109}},"28":{"start":{"line":29,"column":0},"end":{"line":29,"column":27}},"29":{"start":{"line":30,"column":0},"end":{"line":30,"column":16}},"30":{"start":{"line":31,"column":0},"end":{"line":31,"column":12}},"31":{"start":{"line":32,"column":0},"end":{"line":32,"column":17}},"32":{"start":{"line":33,"column":0},"end":{"line":33,"column":3}},"33":{"start":{"line":34,"column":0},"end":{"line":34,"column":1}},"34":{"start":{"line":35,"column":0},"end":{"line":35,"column":0}},"35":{"start":{"line":36,"column":0},"end":{"line":36,"column":34}}},"s":{"0":1,"1":1,"2":1,"3":1,"4":1,"5":1,"6":1,"7":0,"8":0,"9":0,"10":0,"11":0,"12":0,"13":0,"14":0,"15":0,"16":0,"17":0,"18":1,"19":1,"20":1,"21":1,"22":1,"23":1,"24":1,"25":1,"26":1,"27":1,"28":1,"29":1,"30":1,"31":1,"32":1,"33":1,"34":1,"35":1},"branchMap":{"0":{"type":"branch","line":5,"loc":{"start":{"line":5,"column":0},"end":{"line":5,"column":18}},"locations":[{"start":{"line":5,"column":0},"end":{"line":5,"column":18}}]},"1":{"type":"branch","line":5,"loc":{"start":{"line":5,"column":35},"end":{"line":5,"column":42}},"locations":[{"start":{"line":5,"column":35},"end":{"line":5,"column":42}}]},"2":{"type":"branch","line":5,"loc":{"start":{"line":5,"column":35},"end":{"line":5,"column":42}},"locations":[{"start":{"line":5,"column":35},"end":{"line":5,"column":42}}]},"3":{"type":"branch","line":7,"loc":{"start":{"line":7,"column":22},"end":{"line":18,"column":3}},"locations":[{"start":{"line":7,"column":22},"end":{"line":18,"column":3}}]},"4":{"type":"branch","line":5,"loc":{"start":{"line":5,"column":35},"end":{"line":5,"column":42}},"locations":[{"start":{"line":5,"column":35},"end":{"line":5,"column":42}}]},"5":{"type":"branch","line":5,"loc":{"start":{"line":5,"column":35},"end":{"line":5,"column":42}},"locations":[{"start":{"line":5,"column":35},"end":{"line":5,"column":42}}]},"6":{"type":"branch","line":5,"loc":{"start":{"line":5,"column":35},"end":{"line":5,"column":42}},"locations":[{"start":{"line":5,"column":35},"end":{"line":5,"column":42}}]},"7":{"type":"branch","line":5,"loc":{"start":{"line":5,"column":35},"end":{"line":5,"column":42}},"locations":[{"start":{"line":5,"column":35},"end":{"line":5,"column":42}}]},"8":{"type":"branch","line":5,"loc":{"start":{"line":5,"column":0},"end":{"line":5,"column":18}},"locations":[{"start":{"line":5,"column":0},"end":{"line":5,"column":18}}]},"9":{"type":"branch","line":24,"loc":{"start":{"line":24,"column":0},"end":{"line":24,"column":18}},"locations":[{"start":{"line":24,"column":0},"end":{"line":24,"column":18}}]},"10":{"type":"branch","line":24,"loc":{"start":{"line":24,"column":35},"end":{"line":24,"column":42}},"locations":[{"start":{"line":24,"column":35},"end":{"line":24,"column":42}}]},"11":{"type":"branch","line":24,"loc":{"start":{"line":24,"column":35},"end":{"line":24,"column":42}},"locations":[{"start":{"line":24,"column":35},"end":{"line":24,"column":42}}]},"12":{"type":"branch","line":24,"loc":{"start":{"line":24,"column":35},"end":{"line":24,"column":42}},"locations":[{"start":{"line":24,"column":35},"end":{"line":24,"column":42}}]},"13":{"type":"branch","line":24,"loc":{"start":{"line":24,"column":35},"end":{"line":24,"column":42}},"locations":[{"start":{"line":24,"column":35},"end":{"line":24,"column":42}}]},"14":{"type":"branch","line":24,"loc":{"start":{"line":24,"column":35},"end":{"line":24,"column":42}},"locations":[{"start":{"line":24,"column":35},"end":{"line":24,"column":42}}]},"15":{"type":"branch","line":24,"loc":{"start":{"line":24,"column":35},"end":{"line":24,"column":42}},"locations":[{"start":{"line":24,"column":35},"end":{"line":24,"column":42}}]},"16":{"type":"branch","line":24,"loc":{"start":{"line":24,"column":35},"end":{"line":24,"column":42}},"locations":[{"start":{"line":24,"column":35},"end":{"line":24,"column":42}}]},"17":{"type":"branch","line":24,"loc":{"start":{"line":24,"column":0},"end":{"line":24,"column":18}},"locations":[{"start":{"line":24,"column":0},"end":{"line":24,"column":18}}]}},"b":{"0":[1],"1":[1],"2":[1],"3":[0],"4":[0],"5":[0],"6":[0],"7":[0],"8":[1],"9":[1],"10":[1],"11":[1],"12":[0],"13":[0],"14":[0],"15":[0],"16":[0],"17":[1]},"fnMap":{"0":{"name":"_callee","decl":{"start":{"line":5,"column":35},"end":{"line":5,"column":42}},"loc":{"start":{"line":5,"column":35},"end":{"line":5,"column":42}},"line":5},"1":{"name":"_callee$","decl":{"start":{"line":5,"column":35},"end":{"line":5,"column":42}},"loc":{"start":{"line":5,"column":35},"end":{"line":5,"column":42}},"line":5},"2":{"name":"_callee2","decl":{"start":{"line":24,"column":35},"end":{"line":24,"column":42}},"loc":{"start":{"line":24,"column":35},"end":{"line":24,"column":42}},"line":24},"3":{"name":"_callee2$","decl":{"start":{"line":24,"column":35},"end":{"line":24,"column":42}},"loc":{"start":{"line":24,"column":35},"end":{"line":24,"column":42}},"line":24}},"f":{"0":1,"1":1,"2":1,"3":1}}
,"D:\\Programar\\pontential-crud\\back-end\\src\\routes\\DesenvolvedorRouter.js": {"path":"D:\\Programar\\pontential-crud\\back-end\\src\\routes\\DesenvolvedorRouter.js","all":false,"statementMap":{"0":{"start":{"line":1,"column":0},"end":{"line":1,"column":80}},"1":{"start":{"line":2,"column":0},"end":{"line":2,"column":30}},"2":{"start":{"line":3,"column":0},"end":{"line":3,"column":0}},"3":{"start":{"line":4,"column":0},"end":{"line":4,"column":30}},"4":{"start":{"line":5,"column":0},"end":{"line":5,"column":26}},"5":{"start":{"line":6,"column":0},"end":{"line":6,"column":51}},"6":{"start":{"line":7,"column":0},"end":{"line":7,"column":4}},"7":{"start":{"line":8,"column":0},"end":{"line":8,"column":53}},"8":{"start":{"line":9,"column":0},"end":{"line":9,"column":54}},"9":{"start":{"line":10,"column":0},"end":{"line":10,"column":0}},"10":{"start":{"line":11,"column":0},"end":{"line":11,"column":14}},"11":{"start":{"line":12,"column":0},"end":{"line":12,"column":1}}},"s":{"0":1,"1":1,"2":1,"3":1,"4":1,"5":1,"6":1,"7":1,"8":1,"9":1,"10":1,"11":1},"branchMap":{"0":{"type":"branch","line":4,"loc":{"start":{"line":4,"column":15},"end":{"line":12,"column":1}},"locations":[{"start":{"line":4,"column":15},"end":{"line":12,"column":1}}]}},"b":{"0":[1]},"fnMap":{"0":{"name":"_default","decl":{"start":{"line":4,"column":15},"end":{"line":12,"column":1}},"loc":{"start":{"line":4,"column":15},"end":{"line":12,"column":1}},"line":4}},"f":{"0":1}}
}
